This file contains any messages produced by compilers while
running configure, to aid debugging if configure makes a mistake.

It was created by Thunar configure 1.6.3, which was
generated by GNU Autoconf 2.69.  Invocation command line was

  $ ./configure --enable-maintainer-mode

## --------- ##
## Platform. ##
## --------- ##

hostname = ns2
uname -m = i686
uname -r = 3.4.9-x86-smp
uname -s = Linux
uname -v = #1 SMP PREEMPT Sat Aug 18 16:18:05 SAST 2012

/usr/bin/uname -p = unknown
/bin/uname -X     = unknown

/bin/arch              = i686
/usr/bin/arch -k       = unknown
/usr/convex/getsysinfo = unknown
/usr/bin/hostinfo      = unknown
/bin/machine           = unknown
/usr/bin/oslevel       = unknown
/bin/universe          = unknown

PATH: /usr/local/sbin
PATH: /usr/sbin
PATH: /sbin
PATH: /usr/local/bin
PATH: /usr/bin
PATH: /bin
PATH: /usr/X11R7/bin
PATH: /opt/sophos/bin


## ----------- ##
## Core tests. ##
## ----------- ##

configure:2539: checking build system type
configure:2553: result: i686-pc-linux-gnu
configure:2573: checking host system type
configure:2586: result: i686-pc-linux-gnu
configure:2606: checking target system type
configure:2619: result: i686-pc-linux-gnu
configure:2663: checking for a BSD-compatible install
configure:2731: result: /usr/bin/ginstall -c
configure:2742: checking whether build environment is sane
configure:2792: result: yes
configure:2933: checking for a thread-safe mkdir -p
configure:2972: result: /usr/bin/mkdir -p
configure:2985: checking for gawk
configure:3001: found /usr/bin/gawk
configure:3012: result: gawk
configure:3023: checking whether make sets $(MAKE)
configure:3045: result: yes
configure:3120: checking how to create a ustar tar archive
configure:3133: tar --version
tar (GNU tar) 1.26
Copyright (C) 2011 Free Software Foundation, Inc.
License GPLv3+: GNU GPL version 3 or later <http://gnu.org/licenses/gpl.html>.
This is free software: you are free to change and redistribute it.
There is NO WARRANTY, to the extent permitted by law.

Written by John Gilmore and Jay Fenlason.
configure:3136: $? = 0
configure:3176: tardir=conftest.dir && eval tar --format=ustar -chf - "$tardir" >conftest.tar
configure:3179: $? = 0
configure:3183: tar -xf - <conftest.tar
configure:3186: $? = 0
configure:3199: result: gnutar
configure:3209: checking whether to enable maintainer-specific portions of Makefiles
configure:3218: result: yes
configure:3242: checking whether make supports nested variables
configure:3259: result: yes
configure:3283: checking for style of include used by make
configure:3311: result: GNU
configure:3382: checking for gcc
configure:3398: found /usr/bin/gcc
configure:3409: result: gcc
configure:3638: checking for C compiler version
configure:3647: gcc --version >&5
gcc (GCC) 4.8.1 20130530 (prerelease)
Copyright (C) 2013 Free Software Foundation, Inc.
This is free software; see the source for copying conditions.  There is NO
warranty; not even for MERCHANTABILITY or FITNESS FOR A PARTICULAR PURPOSE.

configure:3658: $? = 0
configure:3647: gcc -v >&5
Using built-in specs.
COLLECT_GCC=gcc
COLLECT_LTO_WRAPPER=/usr/libexec/gcc/i686-linux-gnu/4.8.1/lto-wrapper
Target: i686-linux-gnu
Configured with: ./../configure --prefix=/usr --sysconfdir=/etc/ --mandir=/usr/share/man --localstatedir=/var --infodir=/usr/share/info --libdir=/usr/lib --host=i686-linux-gnu --build=i686-linux-gnu --with-ecj-jar=/usr/share/java/ecj-3.5.2.jar --enable-lto --enable-cloog-backend=isl --enable-java-home --with-system-zlib --target=i686-linux-gnu --with-sysroot=/ --with-jvm-root-dir=/usr/lib/jvm/gcj-jdk --enable-languages=c,c++,fortran,java,lto,objc,obj-c++,go,ada
Thread model: posix
gcc version 4.8.1 20130530 (prerelease) (GCC) 
configure:3658: $? = 0
configure:3647: gcc -V >&5
gcc: error: unrecognized command line option '-V'
gcc: fatal error: no input files
compilation terminated.
configure:3658: $? = 1
configure:3647: gcc -qversion >&5
gcc: error: unrecognized command line option '-qversion'
gcc: fatal error: no input files
compilation terminated.
configure:3658: $? = 1
configure:3678: checking whether the C compiler works
configure:3700: gcc    conftest.c  >&5
configure:3704: $? = 0
configure:3752: result: yes
configure:3755: checking for C compiler default output file name
configure:3757: result: a.out
configure:3763: checking for suffix of executables
configure:3770: gcc -o conftest    conftest.c  >&5
configure:3774: $? = 0
configure:3796: result: 
configure:3818: checking whether we are cross compiling
configure:3826: gcc -o conftest    conftest.c  >&5
configure:3830: $? = 0
configure:3837: ./conftest
configure:3841: $? = 0
configure:3856: result: no
configure:3861: checking for suffix of object files
configure:3883: gcc -c   conftest.c >&5
configure:3887: $? = 0
configure:3908: result: o
configure:3912: checking whether we are using the GNU C compiler
configure:3931: gcc -c   conftest.c >&5
configure:3931: $? = 0
configure:3940: result: yes
configure:3949: checking whether gcc accepts -g
configure:3969: gcc -c -g  conftest.c >&5
configure:3969: $? = 0
configure:4010: result: yes
configure:4027: checking for gcc option to accept ISO C89
configure:4090: gcc  -c -g -O2  conftest.c >&5
configure:4090: $? = 0
configure:4103: result: none needed
configure:4125: checking dependency style of gcc
configure:4236: result: gcc3
configure:4257: checking how to run the C preprocessor
configure:4288: gcc -E  conftest.c
configure:4288: $? = 0
configure:4302: gcc -E  conftest.c
conftest.c:11:28: fatal error: ac_nonexistent.h: No such file or directory
 #include <ac_nonexistent.h>
                            ^
compilation terminated.
configure:4302: $? = 1
configure: failed program was:
| /* confdefs.h */
| #define PACKAGE_NAME "Thunar"
| #define PACKAGE_TARNAME "Thunar"
| #define PACKAGE_VERSION "1.6.3"
| #define PACKAGE_STRING "Thunar 1.6.3"
| #define PACKAGE_BUGREPORT "http://bugzilla.xfce.org/"
| #define PACKAGE_URL ""
| #define PACKAGE "Thunar"
| #define VERSION "1.6.3"
| /* end confdefs.h.  */
| #include <ac_nonexistent.h>
configure:4327: result: gcc -E
configure:4347: gcc -E  conftest.c
configure:4347: $? = 0
configure:4361: gcc -E  conftest.c
conftest.c:11:28: fatal error: ac_nonexistent.h: No such file or directory
 #include <ac_nonexistent.h>
                            ^
compilation terminated.
configure:4361: $? = 1
configure: failed program was:
| /* confdefs.h */
| #define PACKAGE_NAME "Thunar"
| #define PACKAGE_TARNAME "Thunar"
| #define PACKAGE_VERSION "1.6.3"
| #define PACKAGE_STRING "Thunar 1.6.3"
| #define PACKAGE_BUGREPORT "http://bugzilla.xfce.org/"
| #define PACKAGE_URL ""
| #define PACKAGE "Thunar"
| #define VERSION "1.6.3"
| /* end confdefs.h.  */
| #include <ac_nonexistent.h>
configure:4390: checking for grep that handles long lines and -e
configure:4448: result: /usr/bin/grep
configure:4453: checking for egrep
configure:4515: result: /usr/bin/grep -E
configure:4520: checking for ANSI C header files
configure:4540: gcc -c -g -O2  conftest.c >&5
configure:4540: $? = 0
configure:4613: gcc -o conftest -g -O2   conftest.c  >&5
configure:4613: $? = 0
configure:4613: ./conftest
configure:4613: $? = 0
configure:4624: result: yes
configure:4637: checking for sys/types.h
configure:4637: gcc -c -g -O2  conftest.c >&5
configure:4637: $? = 0
configure:4637: result: yes
configure:4637: checking for sys/stat.h
configure:4637: gcc -c -g -O2  conftest.c >&5
configure:4637: $? = 0
configure:4637: result: yes
configure:4637: checking for stdlib.h
configure:4637: gcc -c -g -O2  conftest.c >&5
configure:4637: $? = 0
configure:4637: result: yes
configure:4637: checking for string.h
configure:4637: gcc -c -g -O2  conftest.c >&5
configure:4637: $? = 0
configure:4637: result: yes
configure:4637: checking for memory.h
configure:4637: gcc -c -g -O2  conftest.c >&5
configure:4637: $? = 0
configure:4637: result: yes
configure:4637: checking for strings.h
configure:4637: gcc -c -g -O2  conftest.c >&5
configure:4637: $? = 0
configure:4637: result: yes
configure:4637: checking for inttypes.h
configure:4637: gcc -c -g -O2  conftest.c >&5
configure:4637: $? = 0
configure:4637: result: yes
configure:4637: checking for stdint.h
configure:4637: gcc -c -g -O2  conftest.c >&5
configure:4637: $? = 0
configure:4637: result: yes
configure:4637: checking for unistd.h
configure:4637: gcc -c -g -O2  conftest.c >&5
configure:4637: $? = 0
configure:4637: result: yes
configure:4650: checking minix/config.h usability
configure:4650: gcc -c -g -O2  conftest.c >&5
conftest.c:54:26: fatal error: minix/config.h: No such file or directory
 #include <minix/config.h>
                          ^
compilation terminated.
configure:4650: $? = 1
configure: failed program was:
| /* confdefs.h */
| #define PACKAGE_NAME "Thunar"
| #define PACKAGE_TARNAME "Thunar"
| #define PACKAGE_VERSION "1.6.3"
| #define PACKAGE_STRING "Thunar 1.6.3"
| #define PACKAGE_BUGREPORT "http://bugzilla.xfce.org/"
| #define PACKAGE_URL ""
| #define PACKAGE "Thunar"
| #define VERSION "1.6.3"
| #define STDC_HEADERS 1
| #define HAVE_SYS_TYPES_H 1
| #define HAVE_SYS_STAT_H 1
| #define HAVE_STDLIB_H 1
| #define HAVE_STRING_H 1
| #define HAVE_MEMORY_H 1
| #define HAVE_STRINGS_H 1
| #define HAVE_INTTYPES_H 1
| #define HAVE_STDINT_H 1
| #define HAVE_UNISTD_H 1
| /* end confdefs.h.  */
| #include <stdio.h>
| #ifdef HAVE_SYS_TYPES_H
| # include <sys/types.h>
| #endif
| #ifdef HAVE_SYS_STAT_H
| # include <sys/stat.h>
| #endif
| #ifdef STDC_HEADERS
| # include <stdlib.h>
| # include <stddef.h>
| #else
| # ifdef HAVE_STDLIB_H
| #  include <stdlib.h>
| # endif
| #endif
| #ifdef HAVE_STRING_H
| # if !defined STDC_HEADERS && defined HAVE_MEMORY_H
| #  include <memory.h>
| # endif
| # include <string.h>
| #endif
| #ifdef HAVE_STRINGS_H
| # include <strings.h>
| #endif
| #ifdef HAVE_INTTYPES_H
| # include <inttypes.h>
| #endif
| #ifdef HAVE_STDINT_H
| # include <stdint.h>
| #endif
| #ifdef HAVE_UNISTD_H
| # include <unistd.h>
| #endif
| #include <minix/config.h>
configure:4650: result: no
configure:4650: checking minix/config.h presence
configure:4650: gcc -E  conftest.c
conftest.c:21:26: fatal error: minix/config.h: No such file or directory
 #include <minix/config.h>
                          ^
compilation terminated.
configure:4650: $? = 1
configure: failed program was:
| /* confdefs.h */
| #define PACKAGE_NAME "Thunar"
| #define PACKAGE_TARNAME "Thunar"
| #define PACKAGE_VERSION "1.6.3"
| #define PACKAGE_STRING "Thunar 1.6.3"
| #define PACKAGE_BUGREPORT "http://bugzilla.xfce.org/"
| #define PACKAGE_URL ""
| #define PACKAGE "Thunar"
| #define VERSION "1.6.3"
| #define STDC_HEADERS 1
| #define HAVE_SYS_TYPES_H 1
| #define HAVE_SYS_STAT_H 1
| #define HAVE_STDLIB_H 1
| #define HAVE_STRING_H 1
| #define HAVE_MEMORY_H 1
| #define HAVE_STRINGS_H 1
| #define HAVE_INTTYPES_H 1
| #define HAVE_STDINT_H 1
| #define HAVE_UNISTD_H 1
| /* end confdefs.h.  */
| #include <minix/config.h>
configure:4650: result: no
configure:4650: checking for minix/config.h
configure:4650: result: no
configure:4671: checking whether it is safe to define __EXTENSIONS__
configure:4689: gcc -c -g -O2  conftest.c >&5
configure:4689: $? = 0
configure:4696: result: yes
configure:4711: checking for library containing strerror
configure:4742: gcc -o conftest -g -O2   conftest.c  >&5
configure:4742: $? = 0
configure:4759: result: none required
configure:4823: checking for gcc
configure:4850: result: gcc
configure:5079: checking for C compiler version
configure:5088: gcc --version >&5
gcc (GCC) 4.8.1 20130530 (prerelease)
Copyright (C) 2013 Free Software Foundation, Inc.
This is free software; see the source for copying conditions.  There is NO
warranty; not even for MERCHANTABILITY or FITNESS FOR A PARTICULAR PURPOSE.

configure:5099: $? = 0
configure:5088: gcc -v >&5
Using built-in specs.
COLLECT_GCC=gcc
COLLECT_LTO_WRAPPER=/usr/libexec/gcc/i686-linux-gnu/4.8.1/lto-wrapper
Target: i686-linux-gnu
Configured with: ./../configure --prefix=/usr --sysconfdir=/etc/ --mandir=/usr/share/man --localstatedir=/var --infodir=/usr/share/info --libdir=/usr/lib --host=i686-linux-gnu --build=i686-linux-gnu --with-ecj-jar=/usr/share/java/ecj-3.5.2.jar --enable-lto --enable-cloog-backend=isl --enable-java-home --with-system-zlib --target=i686-linux-gnu --with-sysroot=/ --with-jvm-root-dir=/usr/lib/jvm/gcj-jdk --enable-languages=c,c++,fortran,java,lto,objc,obj-c++,go,ada
Thread model: posix
gcc version 4.8.1 20130530 (prerelease) (GCC) 
configure:5099: $? = 0
configure:5088: gcc -V >&5
gcc: error: unrecognized command line option '-V'
gcc: fatal error: no input files
compilation terminated.
configure:5099: $? = 1
configure:5088: gcc -qversion >&5
gcc: error: unrecognized command line option '-qversion'
gcc: fatal error: no input files
compilation terminated.
configure:5099: $? = 1
configure:5103: checking whether we are using the GNU C compiler
configure:5131: result: yes
configure:5140: checking whether gcc accepts -g
configure:5201: result: yes
configure:5218: checking for gcc option to accept ISO C89
configure:5294: result: none needed
configure:5316: checking dependency style of gcc
configure:5427: result: gcc3
configure:5442: checking for a sed that does not truncate output
configure:5506: result: /usr/bin/sed
configure:5524: checking for fgrep
configure:5586: result: /usr/bin/grep -F
configure:5613: checking how to print strings
configure:5640: result: printf
configure:5673: checking for ld used by gcc
configure:5740: result: /usr/i686-linux-gnu/bin/ld
configure:5747: checking if the linker (/usr/i686-linux-gnu/bin/ld) is GNU ld
configure:5762: result: yes
configure:5775: checking whether gcc and cc understand -c and -o together
configure:5806: gcc -c conftest.c -o conftest2.o >&5
configure:5810: $? = 0
configure:5816: gcc -c conftest.c -o conftest2.o >&5
configure:5820: $? = 0
configure:5831: cc -c conftest.c >&5
configure:5835: $? = 0
configure:5843: cc -c conftest.c -o conftest2.o >&5
configure:5847: $? = 0
configure:5853: cc -c conftest.c -o conftest2.o >&5
configure:5857: $? = 0
configure:5875: result: yes
configure:5902: checking whether NLS is requested
configure:5911: result: yes
configure:5939: checking for intltool-update
configure:5957: found /usr/bin/intltool-update
configure:5969: result: /usr/bin/intltool-update
configure:5979: checking for intltool-merge
configure:5997: found /usr/bin/intltool-merge
configure:6009: result: /usr/bin/intltool-merge
configure:6019: checking for intltool-extract
configure:6037: found /usr/bin/intltool-extract
configure:6049: result: /usr/bin/intltool-extract
configure:6203: checking for xgettext
configure:6221: found /usr/bin/xgettext
configure:6233: result: /usr/bin/xgettext
configure:6243: checking for msgmerge
configure:6261: found /usr/bin/msgmerge
configure:6273: result: /usr/bin/msgmerge
configure:6283: checking for msgfmt
configure:6301: found /usr/bin/msgfmt
configure:6313: result: /usr/bin/msgfmt
configure:6323: checking for gmsgfmt
configure:6354: result: /usr/bin/msgfmt
configure:6374: checking for perl
configure:6392: found /usr/bin/perl
configure:6404: result: /usr/bin/perl
configure:6415: checking for perl >= 5.8.1
configure:6422: result: 5.16.2
configure:6426: checking for XML::Parser
configure:6429: result: ok
configure:6454: gcc -o conftest -g -O2   conftest.c  >&5
configure:6454: $? = 0
configure:6484: checking for perl5
configure:6514: result: no
configure:6484: checking for perl
configure:6500: found /usr/bin/perl
configure:6511: result: perl
configure:6522: checking for a sed that does not truncate output
configure:6586: result: /usr/bin/sed
configure:6635: checking for BSD- or MS-compatible name lister (nm)
configure:6684: result: /usr/bin/nm -B
configure:6814: checking the name lister (/usr/bin/nm -B) interface
configure:6821: gcc -c -g -O2  conftest.c >&5
configure:6824: /usr/bin/nm -B "conftest.o"
configure:6827: output
00000000 B some_variable
configure:6834: result: BSD nm
configure:6837: checking whether ln -s works
configure:6841: result: yes
configure:6849: checking the maximum length of command line arguments
configure:6979: result: 1572864
configure:6996: checking whether the shell understands some XSI constructs
configure:7006: result: yes
configure:7010: checking whether the shell understands "+="
configure:7016: result: yes
configure:7051: checking how to convert i686-pc-linux-gnu file names to i686-pc-linux-gnu format
configure:7091: result: func_convert_file_noop
configure:7098: checking how to convert i686-pc-linux-gnu file names to toolchain format
configure:7118: result: func_convert_file_noop
configure:7125: checking for /usr/i686-linux-gnu/bin/ld option to reload object files
configure:7132: result: -r
configure:7206: checking for objdump
configure:7222: found /usr/bin/objdump
configure:7233: result: objdump
configure:7265: checking how to recognize dependent libraries
configure:7467: result: pass_all
configure:7552: checking for dlltool
configure:7582: result: no
configure:7612: checking how to associate runtime and link libraries
configure:7639: result: printf %s\n
configure:7699: checking for ar
configure:7715: found /usr/bin/ar
configure:7726: result: ar
configure:7763: checking for archiver @FILE support
configure:7780: gcc -c -g -O2  conftest.c >&5
configure:7780: $? = 0
configure:7783: ar cru libconftest.a @conftest.lst >&5
configure:7786: $? = 0
configure:7791: ar cru libconftest.a @conftest.lst >&5
ar: conftest.o: No such file or directory
configure:7794: $? = 1
configure:7806: result: @
configure:7864: checking for strip
configure:7880: found /usr/bin/strip
configure:7891: result: strip
configure:7963: checking for ranlib
configure:7979: found /usr/bin/ranlib
configure:7990: result: ranlib
configure:8092: checking command to parse /usr/bin/nm -B output from gcc object
configure:8212: gcc -c -g -O2  conftest.c >&5
configure:8215: $? = 0
configure:8219: /usr/bin/nm -B conftest.o \| sed -n -e 's/^.*[ ]\([ABCDGIRSTW][ABCDGIRSTW]*\)[ ][ ]*\([_A-Za-z][_A-Za-z0-9]*\)$/\1 \2 \2/p' | sed '/ __gnu_lto/d' \> conftest.nm
configure:8222: $? = 0
configure:8288: gcc -o conftest -g -O2   conftest.c conftstm.o >&5
configure:8291: $? = 0
configure:8329: result: ok
configure:8366: checking for sysroot
configure:8396: result: no
configure:8652: checking for mt
configure:8668: found /usr/bin/mt
configure:8679: result: mt
configure:8702: checking if mt is a manifest tool
configure:8708: mt '-?'
usage: mt [-v] [--version] [-h] [ -f device ] command [ count ]
configure:8716: result: no
configure:9355: checking for dlfcn.h
configure:9355: gcc -c -g -O2  conftest.c >&5
configure:9355: $? = 0
configure:9355: result: yes
configure:9560: checking for objdir
configure:9575: result: .libs
configure:9842: checking if gcc supports -fno-rtti -fno-exceptions
configure:9860: gcc -c -g -O2  -fno-rtti -fno-exceptions conftest.c >&5
cc1: warning: command line option '-fno-rtti' is valid for C++/ObjC++ but not for C [enabled by default]
configure:9864: $? = 0
configure:9877: result: no
configure:10204: checking for gcc option to produce PIC
configure:10211: result: -fPIC -DPIC
configure:10219: checking if gcc PIC flag -fPIC -DPIC works
configure:10237: gcc -c -g -O2  -fPIC -DPIC -DPIC conftest.c >&5
configure:10241: $? = 0
configure:10254: result: yes
configure:10283: checking if gcc static flag -static works
configure:10311: result: yes
configure:10326: checking if gcc supports -c -o file.o
configure:10347: gcc -c -g -O2  -o out/conftest2.o conftest.c >&5
configure:10351: $? = 0
configure:10373: result: yes
configure:10381: checking if gcc supports -c -o file.o
configure:10428: result: yes
configure:10461: checking whether the gcc linker (/usr/i686-linux-gnu/bin/ld) supports shared libraries
configure:11614: result: yes
configure:11651: checking whether -lc should be explicitly linked in
configure:11659: gcc -c -g -O2  conftest.c >&5
configure:11662: $? = 0
configure:11677: gcc -shared  -fPIC -DPIC conftest.o  -v -Wl,-soname -Wl,conftest -o conftest 2\>\&1 \| /usr/bin/grep  -lc  \>/dev/null 2\>\&1
configure:11680: $? = 0
configure:11694: result: no
configure:11854: checking dynamic linker characteristics
configure:12365: gcc -o conftest -g -O2   -Wl,-rpath -Wl,/foo conftest.c  >&5
configure:12365: $? = 0
configure:12587: result: GNU/Linux ld.so
configure:12694: checking how to hardcode library paths into programs
configure:12719: result: immediate
configure:13259: checking whether stripping libraries is possible
configure:13264: result: yes
configure:13299: checking if libtool supports shared libraries
configure:13301: result: yes
configure:13304: checking whether to build shared libraries
configure:13325: result: yes
configure:13328: checking whether to build static libraries
configure:13332: result: no
configure:13398: checking for special C compiler options needed for large files
configure:13443: result: no
configure:13449: checking for _FILE_OFFSET_BITS value needed for large files
configure:13474: gcc -c -g -O2  conftest.c >&5
conftest.c:35:3: warning: left shift count >= width of type [enabled by default]
   int off_t_is_large[(LARGE_OFF_T % 2147483629 == 721
   ^
conftest.c:35:3: warning: left shift count >= width of type [enabled by default]
conftest.c:36:10: warning: left shift count >= width of type [enabled by default]
          && LARGE_OFF_T % 2147483647 == 1)
          ^
conftest.c:36:10: warning: left shift count >= width of type [enabled by default]
conftest.c:35:7: error: variably modified 'off_t_is_large' at file scope
   int off_t_is_large[(LARGE_OFF_T % 2147483629 == 721
       ^
configure:13474: $? = 1
configure: failed program was:
| /* confdefs.h */
| #define PACKAGE_NAME "Thunar"
| #define PACKAGE_TARNAME "Thunar"
| #define PACKAGE_VERSION "1.6.3"
| #define PACKAGE_STRING "Thunar 1.6.3"
| #define PACKAGE_BUGREPORT "http://bugzilla.xfce.org/"
| #define PACKAGE_URL ""
| #define PACKAGE "Thunar"
| #define VERSION "1.6.3"
| #define STDC_HEADERS 1
| #define HAVE_SYS_TYPES_H 1
| #define HAVE_SYS_STAT_H 1
| #define HAVE_STDLIB_H 1
| #define HAVE_STRING_H 1
| #define HAVE_MEMORY_H 1
| #define HAVE_STRINGS_H 1
| #define HAVE_INTTYPES_H 1
| #define HAVE_STDINT_H 1
| #define HAVE_UNISTD_H 1
| #define __EXTENSIONS__ 1
| #define _ALL_SOURCE 1
| #define _GNU_SOURCE 1
| #define _POSIX_PTHREAD_SEMANTICS 1
| #define _TANDEM_SOURCE 1
| #define HAVE_LINUX /**/
| #define HAVE_DLFCN_H 1
| #define LT_OBJDIR ".libs/"
| /* end confdefs.h.  */
| #include <sys/types.h>
|  /* Check that off_t can represent 2**63 - 1 correctly.
|     We can't simply define LARGE_OFF_T to be 9223372036854775807,
|     since some C++ compilers masquerading as C compilers
|     incorrectly reject 9223372036854775807.  */
| #define LARGE_OFF_T (((off_t) 1 << 62) - 1 + ((off_t) 1 << 62))
|   int off_t_is_large[(LARGE_OFF_T % 2147483629 == 721
| 		       && LARGE_OFF_T % 2147483647 == 1)
| 		      ? 1 : -1];
| int
| main ()
| {
| 
|   ;
|   return 0;
| }
configure:13498: gcc -c -g -O2  conftest.c >&5
configure:13498: $? = 0
configure:13506: result: 64
configure:13598: checking ctype.h usability
configure:13598: gcc -c -g -O2  conftest.c >&5
configure:13598: $? = 0
configure:13598: result: yes
configure:13598: checking ctype.h presence
configure:13598: gcc -E  conftest.c
configure:13598: $? = 0
configure:13598: result: yes
configure:13598: checking for ctype.h
configure:13598: result: yes
configure:13598: checking errno.h usability
configure:13598: gcc -c -g -O2  conftest.c >&5
configure:13598: $? = 0
configure:13598: result: yes
configure:13598: checking errno.h presence
configure:13598: gcc -E  conftest.c
configure:13598: $? = 0
configure:13598: result: yes
configure:13598: checking for errno.h
configure:13598: result: yes
configure:13598: checking fcntl.h usability
configure:13598: gcc -c -g -O2  conftest.c >&5
configure:13598: $? = 0
configure:13598: result: yes
configure:13598: checking fcntl.h presence
configure:13598: gcc -E  conftest.c
configure:13598: $? = 0
configure:13598: result: yes
configure:13598: checking for fcntl.h
configure:13598: result: yes
configure:13598: checking grp.h usability
configure:13598: gcc -c -g -O2  conftest.c >&5
configure:13598: $? = 0
configure:13598: result: yes
configure:13598: checking grp.h presence
configure:13598: gcc -E  conftest.c
configure:13598: $? = 0
configure:13598: result: yes
configure:13598: checking for grp.h
configure:13598: result: yes
configure:13598: checking limits.h usability
configure:13598: gcc -c -g -O2  conftest.c >&5
configure:13598: $? = 0
configure:13598: result: yes
configure:13598: checking limits.h presence
configure:13598: gcc -E  conftest.c
configure:13598: $? = 0
configure:13598: result: yes
configure:13598: checking for limits.h
configure:13598: result: yes
configure:13598: checking locale.h usability
configure:13598: gcc -c -g -O2  conftest.c >&5
configure:13598: $? = 0
configure:13598: result: yes
configure:13598: checking locale.h presence
configure:13598: gcc -E  conftest.c
configure:13598: $? = 0
configure:13598: result: yes
configure:13598: checking for locale.h
configure:13598: result: yes
configure:13598: checking for memory.h
configure:13598: result: yes
configure:13598: checking paths.h usability
configure:13598: gcc -c -g -O2  conftest.c >&5
configure:13598: $? = 0
configure:13598: result: yes
configure:13598: checking paths.h presence
configure:13598: gcc -E  conftest.c
configure:13598: $? = 0
configure:13598: result: yes
configure:13598: checking for paths.h
configure:13598: result: yes
configure:13598: checking pwd.h usability
configure:13598: gcc -c -g -O2  conftest.c >&5
configure:13598: $? = 0
configure:13598: result: yes
configure:13598: checking pwd.h presence
configure:13598: gcc -E  conftest.c
configure:13598: $? = 0
configure:13598: result: yes
configure:13598: checking for pwd.h
configure:13598: result: yes
configure:13598: checking sched.h usability
configure:13598: gcc -c -g -O2  conftest.c >&5
configure:13598: $? = 0
configure:13598: result: yes
configure:13598: checking sched.h presence
configure:13598: gcc -E  conftest.c
configure:13598: $? = 0
configure:13598: result: yes
configure:13598: checking for sched.h
configure:13598: result: yes
configure:13598: checking signal.h usability
configure:13598: gcc -c -g -O2  conftest.c >&5
configure:13598: $? = 0
configure:13598: result: yes
configure:13598: checking signal.h presence
configure:13598: gcc -E  conftest.c
configure:13598: $? = 0
configure:13598: result: yes
configure:13598: checking for signal.h
configure:13598: result: yes
configure:13598: checking stdarg.h usability
configure:13598: gcc -c -g -O2  conftest.c >&5
configure:13598: $? = 0
configure:13598: result: yes
configure:13598: checking stdarg.h presence
configure:13598: gcc -E  conftest.c
configure:13598: $? = 0
configure:13598: result: yes
configure:13598: checking for stdarg.h
configure:13598: result: yes
configure:13598: checking for stdlib.h
configure:13598: result: yes
configure:13598: checking for string.h
configure:13598: result: yes
configure:13598: checking sys/mman.h usability
configure:13598: gcc -c -g -O2  conftest.c >&5
configure:13598: $? = 0
configure:13598: result: yes
configure:13598: checking sys/mman.h presence
configure:13598: gcc -E  conftest.c
configure:13598: $? = 0
configure:13598: result: yes
configure:13598: checking for sys/mman.h
configure:13598: result: yes
configure:13598: checking sys/param.h usability
configure:13598: gcc -c -g -O2  conftest.c >&5
configure:13598: $? = 0
configure:13598: result: yes
configure:13598: checking sys/param.h presence
configure:13598: gcc -E  conftest.c
configure:13598: $? = 0
configure:13598: result: yes
configure:13598: checking for sys/param.h
configure:13598: result: yes
configure:13598: checking for sys/stat.h
configure:13598: result: yes
configure:13598: checking sys/time.h usability
configure:13598: gcc -c -g -O2  conftest.c >&5
configure:13598: $? = 0
configure:13598: result: yes
configure:13598: checking sys/time.h presence
configure:13598: gcc -E  conftest.c
configure:13598: $? = 0
configure:13598: result: yes
configure:13598: checking for sys/time.h
configure:13598: result: yes
configure:13598: checking for sys/types.h
configure:13598: result: yes
configure:13598: checking sys/uio.h usability
configure:13598: gcc -c -g -O2  conftest.c >&5
configure:13598: $? = 0
configure:13598: result: yes
configure:13598: checking sys/uio.h presence
configure:13598: gcc -E  conftest.c
configure:13598: $? = 0
configure:13598: result: yes
configure:13598: checking for sys/uio.h
configure:13598: result: yes
configure:13598: checking sys/wait.h usability
configure:13598: gcc -c -g -O2  conftest.c >&5
configure:13598: $? = 0
configure:13598: result: yes
configure:13598: checking sys/wait.h presence
configure:13598: gcc -E  conftest.c
configure:13598: $? = 0
configure:13598: result: yes
configure:13598: checking for sys/wait.h
configure:13598: result: yes
configure:13598: checking time.h usability
configure:13598: gcc -c -g -O2  conftest.c >&5
configure:13598: $? = 0
configure:13598: result: yes
configure:13598: checking time.h presence
configure:13598: gcc -E  conftest.c
configure:13598: $? = 0
configure:13598: result: yes
configure:13598: checking for time.h
configure:13598: result: yes
configure:13615: checking for stdlib.h
configure:13615: result: yes
configure:13615: checking for unistd.h
configure:13615: result: yes
configure:13615: checking for sys/param.h
configure:13615: result: yes
configure:13635: checking for getpagesize
configure:13635: gcc -o conftest -g -O2   conftest.c  >&5
configure:13635: $? = 0
configure:13635: result: yes
configure:13644: checking for working mmap
configure:13791: gcc -o conftest -g -O2   conftest.c  >&5
configure:13791: $? = 0
configure:13791: ./conftest
configure:13791: $? = 0
configure:13801: result: yes
configure:13814: checking for localeconv
configure:13814: gcc -o conftest -g -O2   conftest.c  >&5
configure:13814: $? = 0
configure:13814: result: yes
configure:13814: checking for mkdtemp
configure:13814: gcc -o conftest -g -O2   conftest.c  >&5
configure:13814: $? = 0
configure:13814: result: yes
configure:13814: checking for pread
configure:13814: gcc -o conftest -g -O2   conftest.c  >&5
configure:13814: $? = 0
configure:13814: result: yes
configure:13814: checking for pwrite
configure:13814: gcc -o conftest -g -O2   conftest.c  >&5
configure:13814: $? = 0
configure:13814: result: yes
configure:13814: checking for sched_yield
configure:13814: gcc -o conftest -g -O2   conftest.c  >&5
configure:13814: $? = 0
configure:13814: result: yes
configure:13814: checking for setgroupent
configure:13814: gcc -o conftest -g -O2   conftest.c  >&5
/tmp/cctGOo11.o: In function `main':
/usr/src/Thunar/Thunar/conftest.c:96: undefined reference to `setgroupent'
collect2: error: ld returned 1 exit status
configure:13814: $? = 1
configure: failed program was:
| /* confdefs.h */
| #define PACKAGE_NAME "Thunar"
| #define PACKAGE_TARNAME "Thunar"
| #define PACKAGE_VERSION "1.6.3"
| #define PACKAGE_STRING "Thunar 1.6.3"
| #define PACKAGE_BUGREPORT "http://bugzilla.xfce.org/"
| #define PACKAGE_URL ""
| #define PACKAGE "Thunar"
| #define VERSION "1.6.3"
| #define STDC_HEADERS 1
| #define HAVE_SYS_TYPES_H 1
| #define HAVE_SYS_STAT_H 1
| #define HAVE_STDLIB_H 1
| #define HAVE_STRING_H 1
| #define HAVE_MEMORY_H 1
| #define HAVE_STRINGS_H 1
| #define HAVE_INTTYPES_H 1
| #define HAVE_STDINT_H 1
| #define HAVE_UNISTD_H 1
| #define __EXTENSIONS__ 1
| #define _ALL_SOURCE 1
| #define _GNU_SOURCE 1
| #define _POSIX_PTHREAD_SEMANTICS 1
| #define _TANDEM_SOURCE 1
| #define HAVE_LINUX /**/
| #define HAVE_DLFCN_H 1
| #define LT_OBJDIR ".libs/"
| #define _FILE_OFFSET_BITS 64
| #define HAVE_CTYPE_H 1
| #define HAVE_ERRNO_H 1
| #define HAVE_FCNTL_H 1
| #define HAVE_GRP_H 1
| #define HAVE_LIMITS_H 1
| #define HAVE_LOCALE_H 1
| #define HAVE_MEMORY_H 1
| #define HAVE_PATHS_H 1
| #define HAVE_PWD_H 1
| #define HAVE_SCHED_H 1
| #define HAVE_SIGNAL_H 1
| #define HAVE_STDARG_H 1
| #define HAVE_STDLIB_H 1
| #define HAVE_STRING_H 1
| #define HAVE_SYS_MMAN_H 1
| #define HAVE_SYS_PARAM_H 1
| #define HAVE_SYS_STAT_H 1
| #define HAVE_SYS_TIME_H 1
| #define HAVE_SYS_TYPES_H 1
| #define HAVE_SYS_UIO_H 1
| #define HAVE_SYS_WAIT_H 1
| #define HAVE_TIME_H 1
| #define HAVE_STDLIB_H 1
| #define HAVE_UNISTD_H 1
| #define HAVE_SYS_PARAM_H 1
| #define HAVE_GETPAGESIZE 1
| #define HAVE_MMAP 1
| #define HAVE_LOCALECONV 1
| #define HAVE_MKDTEMP 1
| #define HAVE_PREAD 1
| #define HAVE_PWRITE 1
| #define HAVE_SCHED_YIELD 1
| /* end confdefs.h.  */
| /* Define setgroupent to an innocuous variant, in case <limits.h> declares setgroupent.
|    For example, HP-UX 11i <limits.h> declares gettimeofday.  */
| #define setgroupent innocuous_setgroupent
| 
| /* System header to define __stub macros and hopefully few prototypes,
|     which can conflict with char setgroupent (); below.
|     Prefer <limits.h> to <assert.h> if __STDC__ is defined, since
|     <limits.h> exists even on freestanding compilers.  */
| 
| #ifdef __STDC__
| # include <limits.h>
| #else
| # include <assert.h>
| #endif
| 
| #undef setgroupent
| 
| /* Override any GCC internal prototype to avoid an error.
|    Use char because int might match the return type of a GCC
|    builtin and then its argument prototype would still apply.  */
| #ifdef __cplusplus
| extern "C"
| #endif
| char setgroupent ();
| /* The GNU C library defines this for functions which it implements
|     to always fail with ENOSYS.  Some functions are actually named
|     something starting with __ and the normal name is an alias.  */
| #if defined __stub_setgroupent || defined __stub___setgroupent
| choke me
| #endif
| 
| int
| main ()
| {
| return setgroupent ();
|   ;
|   return 0;
| }
configure:13814: result: no
configure:13814: checking for setpassent
configure:13814: gcc -o conftest -g -O2   conftest.c  >&5
/tmp/ccQQ8zV5.o: In function `main':
/usr/src/Thunar/Thunar/conftest.c:96: undefined reference to `setpassent'
collect2: error: ld returned 1 exit status
configure:13814: $? = 1
configure: failed program was:
| /* confdefs.h */
| #define PACKAGE_NAME "Thunar"
| #define PACKAGE_TARNAME "Thunar"
| #define PACKAGE_VERSION "1.6.3"
| #define PACKAGE_STRING "Thunar 1.6.3"
| #define PACKAGE_BUGREPORT "http://bugzilla.xfce.org/"
| #define PACKAGE_URL ""
| #define PACKAGE "Thunar"
| #define VERSION "1.6.3"
| #define STDC_HEADERS 1
| #define HAVE_SYS_TYPES_H 1
| #define HAVE_SYS_STAT_H 1
| #define HAVE_STDLIB_H 1
| #define HAVE_STRING_H 1
| #define HAVE_MEMORY_H 1
| #define HAVE_STRINGS_H 1
| #define HAVE_INTTYPES_H 1
| #define HAVE_STDINT_H 1
| #define HAVE_UNISTD_H 1
| #define __EXTENSIONS__ 1
| #define _ALL_SOURCE 1
| #define _GNU_SOURCE 1
| #define _POSIX_PTHREAD_SEMANTICS 1
| #define _TANDEM_SOURCE 1
| #define HAVE_LINUX /**/
| #define HAVE_DLFCN_H 1
| #define LT_OBJDIR ".libs/"
| #define _FILE_OFFSET_BITS 64
| #define HAVE_CTYPE_H 1
| #define HAVE_ERRNO_H 1
| #define HAVE_FCNTL_H 1
| #define HAVE_GRP_H 1
| #define HAVE_LIMITS_H 1
| #define HAVE_LOCALE_H 1
| #define HAVE_MEMORY_H 1
| #define HAVE_PATHS_H 1
| #define HAVE_PWD_H 1
| #define HAVE_SCHED_H 1
| #define HAVE_SIGNAL_H 1
| #define HAVE_STDARG_H 1
| #define HAVE_STDLIB_H 1
| #define HAVE_STRING_H 1
| #define HAVE_SYS_MMAN_H 1
| #define HAVE_SYS_PARAM_H 1
| #define HAVE_SYS_STAT_H 1
| #define HAVE_SYS_TIME_H 1
| #define HAVE_SYS_TYPES_H 1
| #define HAVE_SYS_UIO_H 1
| #define HAVE_SYS_WAIT_H 1
| #define HAVE_TIME_H 1
| #define HAVE_STDLIB_H 1
| #define HAVE_UNISTD_H 1
| #define HAVE_SYS_PARAM_H 1
| #define HAVE_GETPAGESIZE 1
| #define HAVE_MMAP 1
| #define HAVE_LOCALECONV 1
| #define HAVE_MKDTEMP 1
| #define HAVE_PREAD 1
| #define HAVE_PWRITE 1
| #define HAVE_SCHED_YIELD 1
| /* end confdefs.h.  */
| /* Define setpassent to an innocuous variant, in case <limits.h> declares setpassent.
|    For example, HP-UX 11i <limits.h> declares gettimeofday.  */
| #define setpassent innocuous_setpassent
| 
| /* System header to define __stub macros and hopefully few prototypes,
|     which can conflict with char setpassent (); below.
|     Prefer <limits.h> to <assert.h> if __STDC__ is defined, since
|     <limits.h> exists even on freestanding compilers.  */
| 
| #ifdef __STDC__
| # include <limits.h>
| #else
| # include <assert.h>
| #endif
| 
| #undef setpassent
| 
| /* Override any GCC internal prototype to avoid an error.
|    Use char because int might match the return type of a GCC
|    builtin and then its argument prototype would still apply.  */
| #ifdef __cplusplus
| extern "C"
| #endif
| char setpassent ();
| /* The GNU C library defines this for functions which it implements
|     to always fail with ENOSYS.  Some functions are actually named
|     something starting with __ and the normal name is an alias.  */
| #if defined __stub_setpassent || defined __stub___setpassent
| choke me
| #endif
| 
| int
| main ()
| {
| return setpassent ();
|   ;
|   return 0;
| }
configure:13814: result: no
configure:13814: checking for strcoll
configure:13814: gcc -o conftest -g -O2   conftest.c  >&5
configure:13814: $? = 0
configure:13814: result: yes
configure:13814: checking for strlcpy
configure:13814: gcc -o conftest -g -O2   conftest.c  >&5
/tmp/ccrrWwCd.o: In function `main':
/usr/src/Thunar/Thunar/conftest.c:97: undefined reference to `strlcpy'
collect2: error: ld returned 1 exit status
configure:13814: $? = 1
configure: failed program was:
| /* confdefs.h */
| #define PACKAGE_NAME "Thunar"
| #define PACKAGE_TARNAME "Thunar"
| #define PACKAGE_VERSION "1.6.3"
| #define PACKAGE_STRING "Thunar 1.6.3"
| #define PACKAGE_BUGREPORT "http://bugzilla.xfce.org/"
| #define PACKAGE_URL ""
| #define PACKAGE "Thunar"
| #define VERSION "1.6.3"
| #define STDC_HEADERS 1
| #define HAVE_SYS_TYPES_H 1
| #define HAVE_SYS_STAT_H 1
| #define HAVE_STDLIB_H 1
| #define HAVE_STRING_H 1
| #define HAVE_MEMORY_H 1
| #define HAVE_STRINGS_H 1
| #define HAVE_INTTYPES_H 1
| #define HAVE_STDINT_H 1
| #define HAVE_UNISTD_H 1
| #define __EXTENSIONS__ 1
| #define _ALL_SOURCE 1
| #define _GNU_SOURCE 1
| #define _POSIX_PTHREAD_SEMANTICS 1
| #define _TANDEM_SOURCE 1
| #define HAVE_LINUX /**/
| #define HAVE_DLFCN_H 1
| #define LT_OBJDIR ".libs/"
| #define _FILE_OFFSET_BITS 64
| #define HAVE_CTYPE_H 1
| #define HAVE_ERRNO_H 1
| #define HAVE_FCNTL_H 1
| #define HAVE_GRP_H 1
| #define HAVE_LIMITS_H 1
| #define HAVE_LOCALE_H 1
| #define HAVE_MEMORY_H 1
| #define HAVE_PATHS_H 1
| #define HAVE_PWD_H 1
| #define HAVE_SCHED_H 1
| #define HAVE_SIGNAL_H 1
| #define HAVE_STDARG_H 1
| #define HAVE_STDLIB_H 1
| #define HAVE_STRING_H 1
| #define HAVE_SYS_MMAN_H 1
| #define HAVE_SYS_PARAM_H 1
| #define HAVE_SYS_STAT_H 1
| #define HAVE_SYS_TIME_H 1
| #define HAVE_SYS_TYPES_H 1
| #define HAVE_SYS_UIO_H 1
| #define HAVE_SYS_WAIT_H 1
| #define HAVE_TIME_H 1
| #define HAVE_STDLIB_H 1
| #define HAVE_UNISTD_H 1
| #define HAVE_SYS_PARAM_H 1
| #define HAVE_GETPAGESIZE 1
| #define HAVE_MMAP 1
| #define HAVE_LOCALECONV 1
| #define HAVE_MKDTEMP 1
| #define HAVE_PREAD 1
| #define HAVE_PWRITE 1
| #define HAVE_SCHED_YIELD 1
| #define HAVE_STRCOLL 1
| /* end confdefs.h.  */
| /* Define strlcpy to an innocuous variant, in case <limits.h> declares strlcpy.
|    For example, HP-UX 11i <limits.h> declares gettimeofday.  */
| #define strlcpy innocuous_strlcpy
| 
| /* System header to define __stub macros and hopefully few prototypes,
|     which can conflict with char strlcpy (); below.
|     Prefer <limits.h> to <assert.h> if __STDC__ is defined, since
|     <limits.h> exists even on freestanding compilers.  */
| 
| #ifdef __STDC__
| # include <limits.h>
| #else
| # include <assert.h>
| #endif
| 
| #undef strlcpy
| 
| /* Override any GCC internal prototype to avoid an error.
|    Use char because int might match the return type of a GCC
|    builtin and then its argument prototype would still apply.  */
| #ifdef __cplusplus
| extern "C"
| #endif
| char strlcpy ();
| /* The GNU C library defines this for functions which it implements
|     to always fail with ENOSYS.  Some functions are actually named
|     something starting with __ and the normal name is an alias.  */
| #if defined __stub_strlcpy || defined __stub___strlcpy
| choke me
| #endif
| 
| int
| main ()
| {
| return strlcpy ();
|   ;
|   return 0;
| }
configure:13814: result: no
configure:13814: checking for strptime
configure:13814: gcc -o conftest -g -O2   conftest.c  >&5
configure:13814: $? = 0
configure:13814: result: yes
configure:13814: checking for symlink
configure:13814: gcc -o conftest -g -O2   conftest.c  >&5
configure:13814: $? = 0
configure:13814: result: yes
configure:13814: checking for atexit
configure:13814: gcc -o conftest -g -O2   conftest.c  >&5
configure:13814: $? = 0
configure:13814: result: yes
configure:13837: checking for locale.h
configure:13837: result: yes
configure:13848: checking for LC_MESSAGES
configure:13864: gcc -o conftest -g -O2   conftest.c  >&5
configure:13864: $? = 0
configure:13872: result: yes
configure:13889: checking libintl.h usability
configure:13889: gcc -c -g -O2  conftest.c >&5
configure:13889: $? = 0
configure:13889: result: yes
configure:13889: checking libintl.h presence
configure:13889: gcc -E  conftest.c
configure:13889: $? = 0
configure:13889: result: yes
configure:13889: checking for libintl.h
configure:13889: result: yes
configure:13897: checking for ngettext in libc
configure:13915: gcc -o conftest -g -O2   conftest.c  >&5
configure:13915: $? = 0
configure:13924: result: yes
configure:13928: checking for dgettext in libc
configure:13946: gcc -o conftest -g -O2   conftest.c  >&5
configure:13946: $? = 0
configure:13955: result: yes
configure:13962: checking for bind_textdomain_codeset
configure:13962: gcc -o conftest -g -O2   conftest.c  >&5
configure:13962: $? = 0
configure:13962: result: yes
configure:14238: checking for msgfmt
configure:14265: result: /usr/bin/msgfmt
configure:14276: checking for dcgettext
configure:14276: gcc -o conftest -g -O2   conftest.c   >&5
conftest.c:94:6: warning: conflicting types for built-in function 'dcgettext' [enabled by default]
 char dcgettext ();
      ^
configure:14276: $? = 0
configure:14276: result: yes
configure:14286: checking if msgfmt accepts -c
configure:14301: $MSGFMT -c -o /dev/null conftest.foo
configure:14304: $? = 0
configure:14306: result: yes
configure:14316: checking for gmsgfmt
configure:14347: result: /usr/bin/msgfmt
configure:14357: checking for xgettext
configure:14384: result: /usr/bin/xgettext
configure:14403: gcc -o conftest -g -O2   conftest.c   >&5
configure:14403: $? = 0
configure:14485: checking for catalogs to be installed
configure:14510: result:  am ar ast be bg bn ca cs da de el en_GB eo es et eu fi fr gl he hr hu id is it ja kk ko lt lv nb nl nn pa pl pt pt_BR ro ru si sk sl sq sr sv te tr ug uk ur ur_PK vi zh_CN zh_TW
configure:14543: checking for bind_textdomain_codeset
configure:14543: result: yes
configure:14549: checking for locales directory
configure:14565: result: ${datarootdir}/locale
configure:14569: checking for additional xgettext flags
configure:14577: result: --keyword=Q_ --from-code=UTF-8
configure:14581: checking for X
configure:14770: result: libraries /usr/X11R7/lib, headers /usr/X11R7/include
configure:14790: checking whether -R must be followed by a space
configure:14806: gcc -o conftest -g -O2   conftest.c  -R/usr/X11R7/lib >&5
gcc: error: unrecognized command line option '-R'
configure:14806: $? = 1
configure: failed program was:
| /* confdefs.h */
| #define PACKAGE_NAME "Thunar"
| #define PACKAGE_TARNAME "Thunar"
| #define PACKAGE_VERSION "1.6.3"
| #define PACKAGE_STRING "Thunar 1.6.3"
| #define PACKAGE_BUGREPORT "http://bugzilla.xfce.org/"
| #define PACKAGE_URL ""
| #define PACKAGE "Thunar"
| #define VERSION "1.6.3"
| #define STDC_HEADERS 1
| #define HAVE_SYS_TYPES_H 1
| #define HAVE_SYS_STAT_H 1
| #define HAVE_STDLIB_H 1
| #define HAVE_STRING_H 1
| #define HAVE_MEMORY_H 1
| #define HAVE_STRINGS_H 1
| #define HAVE_INTTYPES_H 1
| #define HAVE_STDINT_H 1
| #define HAVE_UNISTD_H 1
| #define __EXTENSIONS__ 1
| #define _ALL_SOURCE 1
| #define _GNU_SOURCE 1
| #define _POSIX_PTHREAD_SEMANTICS 1
| #define _TANDEM_SOURCE 1
| #define HAVE_LINUX /**/
| #define HAVE_DLFCN_H 1
| #define LT_OBJDIR ".libs/"
| #define _FILE_OFFSET_BITS 64
| #define HAVE_CTYPE_H 1
| #define HAVE_ERRNO_H 1
| #define HAVE_FCNTL_H 1
| #define HAVE_GRP_H 1
| #define HAVE_LIMITS_H 1
| #define HAVE_LOCALE_H 1
| #define HAVE_MEMORY_H 1
| #define HAVE_PATHS_H 1
| #define HAVE_PWD_H 1
| #define HAVE_SCHED_H 1
| #define HAVE_SIGNAL_H 1
| #define HAVE_STDARG_H 1
| #define HAVE_STDLIB_H 1
| #define HAVE_STRING_H 1
| #define HAVE_SYS_MMAN_H 1
| #define HAVE_SYS_PARAM_H 1
| #define HAVE_SYS_STAT_H 1
| #define HAVE_SYS_TIME_H 1
| #define HAVE_SYS_TYPES_H 1
| #define HAVE_SYS_UIO_H 1
| #define HAVE_SYS_WAIT_H 1
| #define HAVE_TIME_H 1
| #define HAVE_STDLIB_H 1
| #define HAVE_UNISTD_H 1
| #define HAVE_SYS_PARAM_H 1
| #define HAVE_GETPAGESIZE 1
| #define HAVE_MMAP 1
| #define HAVE_LOCALECONV 1
| #define HAVE_MKDTEMP 1
| #define HAVE_PREAD 1
| #define HAVE_PWRITE 1
| #define HAVE_SCHED_YIELD 1
| #define HAVE_STRCOLL 1
| #define HAVE_STRPTIME 1
| #define HAVE_SYMLINK 1
| #define HAVE_ATEXIT 1
| #define GETTEXT_PACKAGE "Thunar"
| #define HAVE_LOCALE_H 1
| #define HAVE_LC_MESSAGES 1
| #define HAVE_BIND_TEXTDOMAIN_CODESET 1
| #define HAVE_GETTEXT 1
| #define HAVE_DCGETTEXT 1
| #define ENABLE_NLS 1
| /* end confdefs.h.  */
| 
| int
| main ()
| {
| 
|   ;
|   return 0;
| }
configure:14823: gcc -o conftest -g -O2   conftest.c  -R /usr/X11R7/lib >&5
gcc: error: unrecognized command line option '-R'
configure:14823: $? = 1
configure: failed program was:
| /* confdefs.h */
| #define PACKAGE_NAME "Thunar"
| #define PACKAGE_TARNAME "Thunar"
| #define PACKAGE_VERSION "1.6.3"
| #define PACKAGE_STRING "Thunar 1.6.3"
| #define PACKAGE_BUGREPORT "http://bugzilla.xfce.org/"
| #define PACKAGE_URL ""
| #define PACKAGE "Thunar"
| #define VERSION "1.6.3"
| #define STDC_HEADERS 1
| #define HAVE_SYS_TYPES_H 1
| #define HAVE_SYS_STAT_H 1
| #define HAVE_STDLIB_H 1
| #define HAVE_STRING_H 1
| #define HAVE_MEMORY_H 1
| #define HAVE_STRINGS_H 1
| #define HAVE_INTTYPES_H 1
| #define HAVE_STDINT_H 1
| #define HAVE_UNISTD_H 1
| #define __EXTENSIONS__ 1
| #define _ALL_SOURCE 1
| #define _GNU_SOURCE 1
| #define _POSIX_PTHREAD_SEMANTICS 1
| #define _TANDEM_SOURCE 1
| #define HAVE_LINUX /**/
| #define HAVE_DLFCN_H 1
| #define LT_OBJDIR ".libs/"
| #define _FILE_OFFSET_BITS 64
| #define HAVE_CTYPE_H 1
| #define HAVE_ERRNO_H 1
| #define HAVE_FCNTL_H 1
| #define HAVE_GRP_H 1
| #define HAVE_LIMITS_H 1
| #define HAVE_LOCALE_H 1
| #define HAVE_MEMORY_H 1
| #define HAVE_PATHS_H 1
| #define HAVE_PWD_H 1
| #define HAVE_SCHED_H 1
| #define HAVE_SIGNAL_H 1
| #define HAVE_STDARG_H 1
| #define HAVE_STDLIB_H 1
| #define HAVE_STRING_H 1
| #define HAVE_SYS_MMAN_H 1
| #define HAVE_SYS_PARAM_H 1
| #define HAVE_SYS_STAT_H 1
| #define HAVE_SYS_TIME_H 1
| #define HAVE_SYS_TYPES_H 1
| #define HAVE_SYS_UIO_H 1
| #define HAVE_SYS_WAIT_H 1
| #define HAVE_TIME_H 1
| #define HAVE_STDLIB_H 1
| #define HAVE_UNISTD_H 1
| #define HAVE_SYS_PARAM_H 1
| #define HAVE_GETPAGESIZE 1
| #define HAVE_MMAP 1
| #define HAVE_LOCALECONV 1
| #define HAVE_MKDTEMP 1
| #define HAVE_PREAD 1
| #define HAVE_PWRITE 1
| #define HAVE_SCHED_YIELD 1
| #define HAVE_STRCOLL 1
| #define HAVE_STRPTIME 1
| #define HAVE_SYMLINK 1
| #define HAVE_ATEXIT 1
| #define GETTEXT_PACKAGE "Thunar"
| #define HAVE_LOCALE_H 1
| #define HAVE_LC_MESSAGES 1
| #define HAVE_BIND_TEXTDOMAIN_CODESET 1
| #define HAVE_GETTEXT 1
| #define HAVE_DCGETTEXT 1
| #define ENABLE_NLS 1
| /* end confdefs.h.  */
| 
| int
| main ()
| {
| 
|   ;
|   return 0;
| }
configure:14828: result: neither works
configure:14869: gcc -o conftest -g -O2   conftest.c   -L/usr/X11R7/lib -lX11 >&5
configure:14869: $? = 0
configure:14967: checking for gethostbyname
configure:14967: gcc -o conftest -g -O2   conftest.c  >&5
configure:14967: $? = 0
configure:14967: result: yes
configure:15064: checking for connect
configure:15064: gcc -o conftest -g -O2   conftest.c  >&5
configure:15064: $? = 0
configure:15064: result: yes
configure:15113: checking for remove
configure:15113: gcc -o conftest -g -O2   conftest.c  >&5
configure:15113: $? = 0
configure:15113: result: yes
configure:15162: checking for shmat
configure:15162: gcc -o conftest -g -O2   conftest.c  >&5
configure:15162: $? = 0
configure:15162: result: yes
configure:15220: checking for IceConnectionNumber in -lICE
configure:15245: gcc -o conftest -g -O2   -L/usr/X11R7/lib conftest.c -lICE   >&5
configure:15245: $? = 0
configure:15254: result: yes
configure:15269: checking for main in -lX11
configure:15288: gcc -o conftest -g -O2   conftest.c -lX11  -I/usr/X11R7/include  -lSM -lICE   -L/usr/X11R7/lib  >&5
configure:15288: $? = 0
configure:15297: result: yes
configure:15397: checking for pkg-config
configure:15415: found /usr/bin/pkg-config
configure:15427: result: /usr/bin/pkg-config
configure:15452: checking pkg-config is at least version 0.9.0
configure:15455: result: yes
configure:15477: checking for exo-1 >= 0.10.0
configure:15506: result: found, but 0.8.0

## ---------------- ##
## Cache variables. ##
## ---------------- ##

ac_cv_build=i686-pc-linux-gnu
ac_cv_c_compiler_gnu=yes
ac_cv_env_CC_set=
ac_cv_env_CC_value=
ac_cv_env_CFLAGS_set=
ac_cv_env_CFLAGS_value=
ac_cv_env_CPPFLAGS_set=
ac_cv_env_CPPFLAGS_value=
ac_cv_env_CPP_set=
ac_cv_env_CPP_value=
ac_cv_env_GTKDOC_DEPS_CFLAGS_set=
ac_cv_env_GTKDOC_DEPS_CFLAGS_value=
ac_cv_env_GTKDOC_DEPS_LIBS_set=
ac_cv_env_GTKDOC_DEPS_LIBS_value=
ac_cv_env_LDFLAGS_set=
ac_cv_env_LDFLAGS_value=
ac_cv_env_LIBS_set=
ac_cv_env_LIBS_value=
ac_cv_env_PKG_CONFIG_LIBDIR_set=
ac_cv_env_PKG_CONFIG_LIBDIR_value=
ac_cv_env_PKG_CONFIG_PATH_set=set
ac_cv_env_PKG_CONFIG_PATH_value=:/usr/X11R7/lib/pkgconfig/:/opt/xfce/lib/pkgconfig/
ac_cv_env_PKG_CONFIG_set=
ac_cv_env_PKG_CONFIG_value=
ac_cv_env_XMKMF_set=
ac_cv_env_XMKMF_value=
ac_cv_env_build_alias_set=
ac_cv_env_build_alias_value=
ac_cv_env_host_alias_set=
ac_cv_env_host_alias_value=
ac_cv_env_target_alias_set=
ac_cv_env_target_alias_value=
ac_cv_func_atexit=yes
ac_cv_func_bind_textdomain_codeset=yes
ac_cv_func_connect=yes
ac_cv_func_dcgettext=yes
ac_cv_func_gethostbyname=yes
ac_cv_func_getpagesize=yes
ac_cv_func_localeconv=yes
ac_cv_func_mkdtemp=yes
ac_cv_func_mmap_fixed_mapped=yes
ac_cv_func_pread=yes
ac_cv_func_pwrite=yes
ac_cv_func_remove=yes
ac_cv_func_sched_yield=yes
ac_cv_func_setgroupent=no
ac_cv_func_setpassent=no
ac_cv_func_shmat=yes
ac_cv_func_strcoll=yes
ac_cv_func_strlcpy=no
ac_cv_func_strptime=yes
ac_cv_func_symlink=yes
ac_cv_have_x='have_x=yes	ac_x_includes='\''/usr/X11R7/include'\''	ac_x_libraries='\''/usr/X11R7/lib'\'''
ac_cv_header_ctype_h=yes
ac_cv_header_dlfcn_h=yes
ac_cv_header_errno_h=yes
ac_cv_header_fcntl_h=yes
ac_cv_header_grp_h=yes
ac_cv_header_inttypes_h=yes
ac_cv_header_libintl_h=yes
ac_cv_header_limits_h=yes
ac_cv_header_locale_h=yes
ac_cv_header_memory_h=yes
ac_cv_header_minix_config_h=no
ac_cv_header_paths_h=yes
ac_cv_header_pwd_h=yes
ac_cv_header_sched_h=yes
ac_cv_header_signal_h=yes
ac_cv_header_stdarg_h=yes
ac_cv_header_stdc=yes
ac_cv_header_stdint_h=yes
ac_cv_header_stdlib_h=yes
ac_cv_header_string_h=yes
ac_cv_header_strings_h=yes
ac_cv_header_sys_mman_h=yes
ac_cv_header_sys_param_h=yes
ac_cv_header_sys_stat_h=yes
ac_cv_header_sys_time_h=yes
ac_cv_header_sys_types_h=yes
ac_cv_header_sys_uio_h=yes
ac_cv_header_sys_wait_h=yes
ac_cv_header_time_h=yes
ac_cv_header_unistd_h=yes
ac_cv_host=i686-pc-linux-gnu
ac_cv_lib_ICE_IceConnectionNumber=yes
ac_cv_lib_X11_main=yes
ac_cv_objext=o
ac_cv_path_EGREP='/usr/bin/grep -E'
ac_cv_path_FGREP='/usr/bin/grep -F'
ac_cv_path_GMSGFMT=/usr/bin/msgfmt
ac_cv_path_GREP=/usr/bin/grep
ac_cv_path_INTLTOOL_EXTRACT=/usr/bin/intltool-extract
ac_cv_path_INTLTOOL_MERGE=/usr/bin/intltool-merge
ac_cv_path_INTLTOOL_PERL=/usr/bin/perl
ac_cv_path_INTLTOOL_UPDATE=/usr/bin/intltool-update
ac_cv_path_MSGFMT=/usr/bin/msgfmt
ac_cv_path_MSGMERGE=/usr/bin/msgmerge
ac_cv_path_SED=/usr/bin/sed
ac_cv_path_XGETTEXT=/usr/bin/xgettext
ac_cv_path_ac_pt_PKG_CONFIG=/usr/bin/pkg-config
ac_cv_path_install='/usr/bin/ginstall -c'
ac_cv_path_mkdir=/usr/bin/mkdir
ac_cv_prog_AWK=gawk
ac_cv_prog_CPP='gcc -E'
ac_cv_prog_PERL=perl
ac_cv_prog_ac_ct_AR=ar
ac_cv_prog_ac_ct_CC=gcc
ac_cv_prog_ac_ct_MANIFEST_TOOL=mt
ac_cv_prog_ac_ct_OBJDUMP=objdump
ac_cv_prog_ac_ct_RANLIB=ranlib
ac_cv_prog_ac_ct_STRIP=strip
ac_cv_prog_cc_c89=
ac_cv_prog_cc_g=yes
ac_cv_prog_cc_gcc_c_o=yes
ac_cv_prog_make_make_set=yes
ac_cv_safe_to_define___extensions__=yes
ac_cv_search_strerror='none required'
ac_cv_sys_file_offset_bits=64
ac_cv_sys_largefile_CC=no
ac_cv_target=i686-pc-linux-gnu
am_cv_CC_dependencies_compiler_type=gcc3
am_cv_make_support_nested_variables=yes
am_cv_prog_tar_ustar=gnutar
am_cv_val_LC_MESSAGES=yes
gt_cv_func_dgettext_libc=yes
gt_cv_func_dgettext_libintl=no
gt_cv_func_ngettext_libc=yes
gt_cv_have_gettext=yes
lt_cv_ar_at_file=@
lt_cv_archive_cmds_need_lc=no
lt_cv_deplibs_check_method=pass_all
lt_cv_file_magic_cmd='$MAGIC_CMD'
lt_cv_file_magic_test_file=
lt_cv_ld_reload_flag=-r
lt_cv_nm_interface='BSD nm'
lt_cv_objdir=.libs
lt_cv_path_LD=/usr/i686-linux-gnu/bin/ld
lt_cv_path_NM='/usr/bin/nm -B'
lt_cv_path_mainfest_tool=no
lt_cv_prog_compiler_c_o=yes
lt_cv_prog_compiler_pic='-fPIC -DPIC'
lt_cv_prog_compiler_pic_works=yes
lt_cv_prog_compiler_rtti_exceptions=no
lt_cv_prog_compiler_static_works=yes
lt_cv_prog_gnu_ld=yes
lt_cv_sharedlib_from_linklib_cmd='printf %s\n'
lt_cv_shlibpath_overrides_runpath=no
lt_cv_sys_global_symbol_pipe='sed -n -e '\''s/^.*[	 ]\([ABCDGIRSTW][ABCDGIRSTW]*\)[	 ][	 ]*\([_A-Za-z][_A-Za-z0-9]*\)$/\1 \2 \2/p'\'' | sed '\''/ __gnu_lto/d'\'''
lt_cv_sys_global_symbol_to_c_name_address='sed -n -e '\''s/^: \([^ ]*\)[ ]*$/  {\"\1\", (void *) 0},/p'\'' -e '\''s/^[ABCDGIRSTW]* \([^ ]*\) \([^ ]*\)$/  {"\2", (void *) \&\2},/p'\'''
lt_cv_sys_global_symbol_to_c_name_address_lib_prefix='sed -n -e '\''s/^: \([^ ]*\)[ ]*$/  {\"\1\", (void *) 0},/p'\'' -e '\''s/^[ABCDGIRSTW]* \([^ ]*\) \(lib[^ ]*\)$/  {"\2", (void *) \&\2},/p'\'' -e '\''s/^[ABCDGIRSTW]* \([^ ]*\) \([^ ]*\)$/  {"lib\2", (void *) \&\2},/p'\'''
lt_cv_sys_global_symbol_to_cdecl='sed -n -e '\''s/^T .* \(.*\)$/extern int \1();/p'\'' -e '\''s/^[ABCDGIRSTW]* .* \(.*\)$/extern char \1;/p'\'''
lt_cv_sys_max_cmd_len=1572864
lt_cv_to_host_file_cmd=func_convert_file_noop
lt_cv_to_tool_file_cmd=func_convert_file_noop
xdt_cv_PKG_CONFIG_MIN_VERSION=0.9.0
xdt_cv_version=0.8.0

## ----------------- ##
## Output variables. ##
## ----------------- ##

ACLOCAL='${SHELL} /usr/src/Thunar/Thunar/missing --run aclocal-1.11'
ALL_LINGUAS='am ar ast be bg bn ca cs da de el en_GB eo es et eu fi fr gl he hr hu id is it ja kk ko lt lv nb nl nn pa pl pt pt_BR ro ru si sk sl sq sr sv te tr ug uk ur ur_PK vi zh_CN zh_TW '
AMDEPBACKSLASH='\'
AMDEP_FALSE='#'
AMDEP_TRUE=''
AMTAR='$${TAR-tar}'
AM_BACKSLASH='\'
AM_DEFAULT_V='$(AM_DEFAULT_VERBOSITY)'
AM_DEFAULT_VERBOSITY='0'
AM_V='$(V)'
AR='ar'
AUTOCONF='${SHELL} /usr/src/Thunar/Thunar/missing --run autoconf'
AUTOHEADER='${SHELL} /usr/src/Thunar/Thunar/missing --run autoheader'
AUTOMAKE='${SHELL} /usr/src/Thunar/Thunar/missing --run automake-1.11'
AWK='gawk'
CATALOGS=' am.gmo ar.gmo ast.gmo be.gmo bg.gmo bn.gmo ca.gmo cs.gmo da.gmo de.gmo el.gmo en_GB.gmo eo.gmo es.gmo et.gmo eu.gmo fi.gmo fr.gmo gl.gmo he.gmo hr.gmo hu.gmo id.gmo is.gmo it.gmo ja.gmo kk.gmo ko.gmo lt.gmo lv.gmo nb.gmo nl.gmo nn.gmo pa.gmo pl.gmo pt.gmo pt_BR.gmo ro.gmo ru.gmo si.gmo sk.gmo sl.gmo sq.gmo sr.gmo sv.gmo te.gmo tr.gmo ug.gmo uk.gmo ur.gmo ur_PK.gmo vi.gmo zh_CN.gmo zh_TW.gmo'
CATOBJEXT='.gmo'
CC='gcc'
CCDEPMODE='depmode=gcc3'
CFLAGS='-g -O2'
CPP='gcc -E'
CPPFLAGS=''
CYGPATH_W='echo'
DATADIRNAME='share'
DBUS_CFLAGS=''
DBUS_LIBS=''
DBUS_REQUIRED_VERSION=''
DBUS_VERSION=''
DEFS=''
DEPDIR='.deps'
DLLTOOL='false'
DSYMUTIL=''
DUMPBIN=''
ECHO_C=''
ECHO_N='-n'
ECHO_T=''
EGREP='/usr/bin/grep -E'
ENABLE_GTK_DOC_FALSE=''
ENABLE_GTK_DOC_TRUE=''
EXEEXT=''
EXIF_CFLAGS=''
EXIF_LIBS=''
EXIF_REQUIRED_VERSION=''
EXIF_VERSION=''
EXO_CFLAGS=''
EXO_LIBS=''
EXO_REQUIRED_VERSION=''
EXO_VERSION=''
FGREP='/usr/bin/grep -F'
GDK_PIXBUF_CFLAGS=''
GDK_PIXBUF_LIBS=''
GDK_PIXBUF_REQUIRED_VERSION=''
GDK_PIXBUF_VERSION=''
GETTEXT_PACKAGE='Thunar'
GIO_CFLAGS=''
GIO_LIBS=''
GIO_REQUIRED_VERSION=''
GIO_UNIX_CFLAGS=''
GIO_UNIX_LIBS=''
GIO_UNIX_REQUIRED_VERSION=''
GIO_UNIX_VERSION=''
GIO_VERSION=''
GLIB_CFLAGS=''
GLIB_LIBS=''
GLIB_REQUIRED_VERSION=''
GLIB_VERSION=''
GMODULE_CFLAGS=''
GMODULE_LIBS=''
GMODULE_REQUIRED_VERSION=''
GMODULE_VERSION=''
GMOFILES=' am.gmo ar.gmo ast.gmo be.gmo bg.gmo bn.gmo ca.gmo cs.gmo da.gmo de.gmo el.gmo en_GB.gmo eo.gmo es.gmo et.gmo eu.gmo fi.gmo fr.gmo gl.gmo he.gmo hr.gmo hu.gmo id.gmo is.gmo it.gmo ja.gmo kk.gmo ko.gmo lt.gmo lv.gmo nb.gmo nl.gmo nn.gmo pa.gmo pl.gmo pt.gmo pt_BR.gmo ro.gmo ru.gmo si.gmo sk.gmo sl.gmo sq.gmo sr.gmo sv.gmo te.gmo tr.gmo ug.gmo uk.gmo ur.gmo ur_PK.gmo vi.gmo zh_CN.gmo zh_TW.gmo'
GMSGFMT='/usr/bin/msgfmt'
GREP='/usr/bin/grep'
GTHREAD_CFLAGS=''
GTHREAD_LIBS=''
GTHREAD_REQUIRED_VERSION=''
GTHREAD_VERSION=''
GTKDOC_CHECK=''
GTKDOC_DEPS_CFLAGS=''
GTKDOC_DEPS_LIBS=''
GTKDOC_MKPDF=''
GTKDOC_REBASE=''
GTK_CFLAGS=''
GTK_DOC_BUILD_HTML_FALSE=''
GTK_DOC_BUILD_HTML_TRUE=''
GTK_DOC_BUILD_PDF_FALSE=''
GTK_DOC_BUILD_PDF_TRUE=''
GTK_DOC_EXTRA_CFLAGS=''
GTK_DOC_USE_LIBTOOL_FALSE=''
GTK_DOC_USE_LIBTOOL_TRUE=''
GTK_DOC_USE_REBASE_FALSE=''
GTK_DOC_USE_REBASE_TRUE=''
GTK_LIBS=''
GTK_REQUIRED_VERSION=''
GTK_VERSION=''
GUDEV_CFLAGS=''
GUDEV_LIBS=''
GUDEV_REQUIRED_VERSION=''
GUDEV_VERSION=''
HAVE_DBUS_FALSE=''
HAVE_DBUS_TRUE=''
HAVE_EXIF_FALSE=''
HAVE_EXIF_TRUE=''
HAVE_GIO_UNIX_FALSE=''
HAVE_GIO_UNIX_TRUE=''
HAVE_GUDEV_FALSE=''
HAVE_GUDEV_TRUE=''
HAVE_LIBNOTIFY_FALSE=''
HAVE_LIBNOTIFY_TRUE=''
HAVE_LIBSTARTUP_NOTIFICATION_FALSE=''
HAVE_LIBSTARTUP_NOTIFICATION_TRUE=''
HAVE_PCRE_FALSE=''
HAVE_PCRE_TRUE=''
HELPER_PATH_PREFIX='${exec_prefix}/lib'
HTML_DIR=''
INSTALL_DATA='${INSTALL} -m 644'
INSTALL_PROGRAM='${INSTALL}'
INSTALL_SCRIPT='${INSTALL}'
INSTALL_STRIP_PROGRAM='$(install_sh) -c -s'
INSTOBJEXT='.mo'
INTLLIBS=''
INTLTOOL_CAVES_RULE='%.caves:     %.caves.in     $(INTLTOOL_MERGE) $(wildcard $(top_srcdir)/po/*.po) ; $(INTLTOOL_V_MERGE)LC_ALL=C $(INTLTOOL_MERGE) $(INTLTOOL_V_MERGE_OPTIONS) -d -u -c $(top_builddir)/po/.intltool-merge-cache $(top_srcdir)/po $< $@'
INTLTOOL_DESKTOP_RULE='%.desktop:   %.desktop.in   $(INTLTOOL_MERGE) $(wildcard $(top_srcdir)/po/*.po) ; $(INTLTOOL_V_MERGE)LC_ALL=C $(INTLTOOL_MERGE) $(INTLTOOL_V_MERGE_OPTIONS) -d -u -c $(top_builddir)/po/.intltool-merge-cache $(top_srcdir)/po $< $@'
INTLTOOL_DIRECTORY_RULE='%.directory: %.directory.in $(INTLTOOL_MERGE) $(wildcard $(top_srcdir)/po/*.po) ; $(INTLTOOL_V_MERGE)LC_ALL=C $(INTLTOOL_MERGE) $(INTLTOOL_V_MERGE_OPTIONS) -d -u -c $(top_builddir)/po/.intltool-merge-cache $(top_srcdir)/po $< $@'
INTLTOOL_EXTRACT='/usr/bin/intltool-extract'
INTLTOOL_KBD_RULE='%.kbd:       %.kbd.in       $(INTLTOOL_MERGE) $(wildcard $(top_srcdir)/po/*.po) ; $(INTLTOOL_V_MERGE)LC_ALL=C $(INTLTOOL_MERGE) $(INTLTOOL_V_MERGE_OPTIONS) -x -u -m -c $(top_builddir)/po/.intltool-merge-cache $(top_srcdir)/po $< $@'
INTLTOOL_KEYS_RULE='%.keys:      %.keys.in      $(INTLTOOL_MERGE) $(wildcard $(top_srcdir)/po/*.po) ; $(INTLTOOL_V_MERGE)LC_ALL=C $(INTLTOOL_MERGE) $(INTLTOOL_V_MERGE_OPTIONS) -k -u -c $(top_builddir)/po/.intltool-merge-cache $(top_srcdir)/po $< $@'
INTLTOOL_MERGE='/usr/bin/intltool-merge'
INTLTOOL_OAF_RULE='%.oaf:       %.oaf.in       $(INTLTOOL_MERGE) $(wildcard $(top_srcdir)/po/*.po) ; $(INTLTOOL_V_MERGE)LC_ALL=C $(INTLTOOL_MERGE) $(INTLTOOL_V_MERGE_OPTIONS) -o -p $(top_srcdir)/po $< $@'
INTLTOOL_PERL='/usr/bin/perl'
INTLTOOL_POLICY_RULE='%.policy:    %.policy.in    $(INTLTOOL_MERGE) $(wildcard $(top_srcdir)/po/*.po) ; $(INTLTOOL_V_MERGE)LC_ALL=C $(INTLTOOL_MERGE) $(INTLTOOL_V_MERGE_OPTIONS) -x -u -c $(top_builddir)/po/.intltool-merge-cache $(top_srcdir)/po $< $@'
INTLTOOL_PONG_RULE='%.pong:      %.pong.in      $(INTLTOOL_MERGE) $(wildcard $(top_srcdir)/po/*.po) ; $(INTLTOOL_V_MERGE)LC_ALL=C $(INTLTOOL_MERGE) $(INTLTOOL_V_MERGE_OPTIONS) -x -u -c $(top_builddir)/po/.intltool-merge-cache $(top_srcdir)/po $< $@'
INTLTOOL_PROP_RULE='%.prop:      %.prop.in      $(INTLTOOL_MERGE) $(wildcard $(top_srcdir)/po/*.po) ; $(INTLTOOL_V_MERGE)LC_ALL=C $(INTLTOOL_MERGE) $(INTLTOOL_V_MERGE_OPTIONS) -d -u -c $(top_builddir)/po/.intltool-merge-cache $(top_srcdir)/po $< $@'
INTLTOOL_SCHEMAS_RULE='%.schemas:   %.schemas.in   $(INTLTOOL_MERGE) $(wildcard $(top_srcdir)/po/*.po) ; $(INTLTOOL_V_MERGE)LC_ALL=C $(INTLTOOL_MERGE) $(INTLTOOL_V_MERGE_OPTIONS) -s -u -c $(top_builddir)/po/.intltool-merge-cache $(top_srcdir)/po $< $@'
INTLTOOL_SERVER_RULE='%.server:    %.server.in    $(INTLTOOL_MERGE) $(wildcard $(top_srcdir)/po/*.po) ; $(INTLTOOL_V_MERGE)LC_ALL=C $(INTLTOOL_MERGE) $(INTLTOOL_V_MERGE_OPTIONS) -o -u -c $(top_builddir)/po/.intltool-merge-cache $(top_srcdir)/po $< $@'
INTLTOOL_SERVICE_RULE='%.service: %.service.in   $(INTLTOOL_MERGE) $(wildcard $(top_srcdir)/po/*.po) ; $(INTLTOOL_V_MERGE)LC_ALL=C $(INTLTOOL_MERGE) $(INTLTOOL_V_MERGE_OPTIONS) -d -u -c $(top_builddir)/po/.intltool-merge-cache $(top_srcdir)/po $< $@'
INTLTOOL_SHEET_RULE='%.sheet:     %.sheet.in     $(INTLTOOL_MERGE) $(wildcard $(top_srcdir)/po/*.po) ; $(INTLTOOL_V_MERGE)LC_ALL=C $(INTLTOOL_MERGE) $(INTLTOOL_V_MERGE_OPTIONS) -x -u -c $(top_builddir)/po/.intltool-merge-cache $(top_srcdir)/po $< $@'
INTLTOOL_SOUNDLIST_RULE='%.soundlist: %.soundlist.in $(INTLTOOL_MERGE) $(wildcard $(top_srcdir)/po/*.po) ; $(INTLTOOL_V_MERGE)LC_ALL=C $(INTLTOOL_MERGE) $(INTLTOOL_V_MERGE_OPTIONS) -d -u -c $(top_builddir)/po/.intltool-merge-cache $(top_srcdir)/po $< $@'
INTLTOOL_THEME_RULE='%.theme:     %.theme.in     $(INTLTOOL_MERGE) $(wildcard $(top_srcdir)/po/*.po) ; $(INTLTOOL_V_MERGE)LC_ALL=C $(INTLTOOL_MERGE) $(INTLTOOL_V_MERGE_OPTIONS) -d -u -c $(top_builddir)/po/.intltool-merge-cache $(top_srcdir)/po $< $@'
INTLTOOL_UI_RULE='%.ui:        %.ui.in        $(INTLTOOL_MERGE) $(wildcard $(top_srcdir)/po/*.po) ; $(INTLTOOL_V_MERGE)LC_ALL=C $(INTLTOOL_MERGE) $(INTLTOOL_V_MERGE_OPTIONS) -x -u -c $(top_builddir)/po/.intltool-merge-cache $(top_srcdir)/po $< $@'
INTLTOOL_UPDATE='/usr/bin/intltool-update'
INTLTOOL_V_MERGE='$(INTLTOOL__v_MERGE_$(V))'
INTLTOOL_V_MERGE_OPTIONS='$(intltool__v_merge_options_$(V))'
INTLTOOL_XAM_RULE='%.xam:       %.xml.in       $(INTLTOOL_MERGE) $(wildcard $(top_srcdir)/po/*.po) ; $(INTLTOOL_V_MERGE)LC_ALL=C $(INTLTOOL_MERGE) $(INTLTOOL_V_MERGE_OPTIONS) -x -u -c $(top_builddir)/po/.intltool-merge-cache $(top_srcdir)/po $< $@'
INTLTOOL_XML_NOMERGE_RULE='%.xml:       %.xml.in       $(INTLTOOL_MERGE) ; $(INTLTOOL_V_MERGE)LC_ALL=C $(INTLTOOL_MERGE) $(INTLTOOL_V_MERGE_OPTIONS) -x -u --no-translations $< $@'
INTLTOOL_XML_RULE='%.xml:       %.xml.in       $(INTLTOOL_MERGE) $(wildcard $(top_srcdir)/po/*.po) ; $(INTLTOOL_V_MERGE)LC_ALL=C $(INTLTOOL_MERGE) $(INTLTOOL_V_MERGE_OPTIONS) -x -u -c $(top_builddir)/po/.intltool-merge-cache $(top_srcdir)/po $< $@'
INTLTOOL__v_MERGE_0='@echo "  ITMRG " $@;'
INTLTOOL__v_MERGE_='$(INTLTOOL__v_MERGE_$(AM_DEFAULT_VERBOSITY))'
LD='/usr/i686-linux-gnu/bin/ld'
LDFLAGS=''
LIBNOTIFY_CFLAGS=''
LIBNOTIFY_LIBS=''
LIBNOTIFY_REQUIRED_VERSION=''
LIBNOTIFY_VERSION=''
LIBOBJS=''
LIBS=''
LIBSM_CFLAGS=''
LIBSM_LDFLAGS=''
LIBSM_LIBS=''
LIBSTARTUP_NOTIFICATION_CFLAGS=''
LIBSTARTUP_NOTIFICATION_LIBS=''
LIBSTARTUP_NOTIFICATION_REQUIRED_VERSION=''
LIBSTARTUP_NOTIFICATION_VERSION=''
LIBTOOL='$(SHELL) $(top_builddir)/libtool'
LIBX11_CFLAGS=' -I/usr/X11R7/include'
LIBX11_LDFLAGS=' -L/usr/X11R7/lib'
LIBX11_LIBS=' -lSM -lICE -lX11'
LIBXFCE4PANEL_CFLAGS=''
LIBXFCE4PANEL_LIBS=''
LIBXFCE4PANEL_REQUIRED_VERSION=''
LIBXFCE4PANEL_VERSION=''
LIBXFCE4UI_CFLAGS=''
LIBXFCE4UI_LIBS=''
LIBXFCE4UI_REQUIRED_VERSION=''
LIBXFCE4UI_VERSION=''
LIBXFCE4UTIL_CFLAGS=''
LIBXFCE4UTIL_LIBS=''
LIBXFCE4UTIL_REQUIRED_VERSION=''
LIBXFCE4UTIL_VERSION=''
LIPO=''
LN_S='ln -s'
LTLIBOBJS=''
MAINT=''
MAINTAINER_MODE_FALSE='#'
MAINTAINER_MODE_TRUE=''
MAKEINFO='${SHELL} /usr/src/Thunar/Thunar/missing --run makeinfo'
MANIFEST_TOOL=':'
MKDIR_P='/usr/bin/mkdir -p'
MKINSTALLDIRS='./mkinstalldirs'
MSGFMT='/usr/bin/msgfmt'
MSGFMT_OPTS='-c'
MSGMERGE='/usr/bin/msgmerge'
NM='/usr/bin/nm -B'
NMEDIT=''
OBJDUMP='objdump'
OBJEXT='o'
OTOOL64=''
OTOOL=''
PACKAGE='Thunar'
PACKAGE_BUGREPORT='http://bugzilla.xfce.org/'
PACKAGE_NAME='Thunar'
PACKAGE_STRING='Thunar 1.6.3'
PACKAGE_TARNAME='Thunar'
PACKAGE_URL=''
PACKAGE_VERSION='1.6.3'
PATH_SEPARATOR=':'
PCRE_CFLAGS=''
PCRE_LIBS=''
PCRE_REQUIRED_VERSION=''
PCRE_VERSION=''
PERL='perl'
PKG_CONFIG='/usr/bin/pkg-config'
PKG_CONFIG_LIBDIR=''
PKG_CONFIG_PATH=':/usr/X11R7/lib/pkgconfig/:/opt/xfce/lib/pkgconfig/'
PLATFORM_CFLAGS=''
PLATFORM_CPPFLAGS=''
PLATFORM_LDFLAGS=''
POFILES=' am.po ar.po ast.po be.po bg.po bn.po ca.po cs.po da.po de.po el.po en_GB.po eo.po es.po et.po eu.po fi.po fr.po gl.po he.po hr.po hu.po id.po is.po it.po ja.po kk.po ko.po lt.po lv.po nb.po nl.po nn.po pa.po pl.po pt.po pt_BR.po ro.po ru.po si.po sk.po sl.po sq.po sr.po sv.po te.po tr.po ug.po uk.po ur.po ur_PK.po vi.po zh_CN.po zh_TW.po'
POSUB='po'
PO_IN_DATADIR_FALSE=''
PO_IN_DATADIR_TRUE=''
RANLIB='ranlib'
SED='/usr/bin/sed'
SET_MAKE=''
SHELL='/bin/sh'
STRIP='strip'
THUNARX_VERINFO='0:0:0'
THUNARX_VERSION_API='2'
THUNAR_PLUGIN_APR_FALSE=''
THUNAR_PLUGIN_APR_TRUE=''
THUNAR_PLUGIN_SBR_FALSE=''
THUNAR_PLUGIN_SBR_TRUE=''
THUNAR_PLUGIN_TPA_FALSE=''
THUNAR_PLUGIN_TPA_TRUE=''
THUNAR_PLUGIN_UCA_FALSE=''
THUNAR_PLUGIN_UCA_TRUE=''
THUNAR_PLUGIN_WALLPAPER_FALSE=''
THUNAR_PLUGIN_WALLPAPER_TRUE=''
THUNAR_VERSION_MAJOR='1'
THUNAR_VERSION_MICRO='3'
THUNAR_VERSION_MINOR='6'
USE_NLS='yes'
VERSION='1.6.3'
XFCONF_CFLAGS=''
XFCONF_LIBS=''
XFCONF_REQUIRED_VERSION=''
XFCONF_VERSION=''
XGETTEXT='/usr/bin/xgettext'
XGETTEXT_ARGS='--keyword=Q_ --from-code=UTF-8'
XMKMF=''
X_CFLAGS=' -I/usr/X11R7/include'
X_EXTRA_LIBS=''
X_LIBS=' -L/usr/X11R7/lib'
X_PRE_LIBS=' -lSM -lICE'
ac_ct_AR='ar'
ac_ct_CC='gcc'
ac_ct_DUMPBIN=''
am__EXEEXT_FALSE=''
am__EXEEXT_TRUE=''
am__fastdepCC_FALSE='#'
am__fastdepCC_TRUE=''
am__include='include'
am__isrc=''
am__leading_dot='.'
am__nodep='_no'
am__quote=''
am__tar='tar --format=ustar -chf - "$$tardir"'
am__untar='tar -xf -'
bindir='${exec_prefix}/bin'
build='i686-pc-linux-gnu'
build_alias=''
build_cpu='i686'
build_os='linux-gnu'
build_vendor='pc'
datadir='${datarootdir}'
datarootdir='${prefix}/share'
docdir='${datarootdir}/doc/${PACKAGE_TARNAME}'
dvidir='${docdir}'
exec_prefix='NONE'
host='i686-pc-linux-gnu'
host_alias=''
host_cpu='i686'
host_os='linux-gnu'
host_vendor='pc'
htmldir='${docdir}'
includedir='${prefix}/include'
infodir='${datarootdir}/info'
install_sh='${SHELL} /usr/src/Thunar/Thunar/install-sh'
intltool__v_merge_options_0='-q'
intltool__v_merge_options_='$(intltool__v_merge_options_$(AM_DEFAULT_VERBOSITY))'
libdir='${exec_prefix}/lib'
libexecdir='${exec_prefix}/libexec'
localedir='${datarootdir}/locale'
localstatedir='${prefix}/var'
mandir='${datarootdir}/man'
mkdir_p='/usr/bin/mkdir -p'
oldincludedir='/usr/include'
pdfdir='${docdir}'
prefix='NONE'
program_transform_name='s,x,x,'
psdir='${docdir}'
sbindir='${exec_prefix}/sbin'
sharedstatedir='${prefix}/com'
sysconfdir='${prefix}/etc'
target='i686-pc-linux-gnu'
target_alias=''
target_cpu='i686'
target_os='linux-gnu'
target_vendor='pc'
xfconf_query_found=''

## ----------- ##
## confdefs.h. ##
## ----------- ##

/* confdefs.h */
#define PACKAGE_NAME "Thunar"
#define PACKAGE_TARNAME "Thunar"
#define PACKAGE_VERSION "1.6.3"
#define PACKAGE_STRING "Thunar 1.6.3"
#define PACKAGE_BUGREPORT "http://bugzilla.xfce.org/"
#define PACKAGE_URL ""
#define PACKAGE "Thunar"
#define VERSION "1.6.3"
#define STDC_HEADERS 1
#define HAVE_SYS_TYPES_H 1
#define HAVE_SYS_STAT_H 1
#define HAVE_STDLIB_H 1
#define HAVE_STRING_H 1
#define HAVE_MEMORY_H 1
#define HAVE_STRINGS_H 1
#define HAVE_INTTYPES_H 1
#define HAVE_STDINT_H 1
#define HAVE_UNISTD_H 1
#define __EXTENSIONS__ 1
#define _ALL_SOURCE 1
#define _GNU_SOURCE 1
#define _POSIX_PTHREAD_SEMANTICS 1
#define _TANDEM_SOURCE 1
#define HAVE_LINUX /**/
#define HAVE_DLFCN_H 1
#define LT_OBJDIR ".libs/"
#define _FILE_OFFSET_BITS 64
#define HAVE_CTYPE_H 1
#define HAVE_ERRNO_H 1
#define HAVE_FCNTL_H 1
#define HAVE_GRP_H 1
#define HAVE_LIMITS_H 1
#define HAVE_LOCALE_H 1
#define HAVE_MEMORY_H 1
#define HAVE_PATHS_H 1
#define HAVE_PWD_H 1
#define HAVE_SCHED_H 1
#define HAVE_SIGNAL_H 1
#define HAVE_STDARG_H 1
#define HAVE_STDLIB_H 1
#define HAVE_STRING_H 1
#define HAVE_SYS_MMAN_H 1
#define HAVE_SYS_PARAM_H 1
#define HAVE_SYS_STAT_H 1
#define HAVE_SYS_TIME_H 1
#define HAVE_SYS_TYPES_H 1
#define HAVE_SYS_UIO_H 1
#define HAVE_SYS_WAIT_H 1
#define HAVE_TIME_H 1
#define HAVE_STDLIB_H 1
#define HAVE_UNISTD_H 1
#define HAVE_SYS_PARAM_H 1
#define HAVE_GETPAGESIZE 1
#define HAVE_MMAP 1
#define HAVE_LOCALECONV 1
#define HAVE_MKDTEMP 1
#define HAVE_PREAD 1
#define HAVE_PWRITE 1
#define HAVE_SCHED_YIELD 1
#define HAVE_STRCOLL 1
#define HAVE_STRPTIME 1
#define HAVE_SYMLINK 1
#define HAVE_ATEXIT 1
#define GETTEXT_PACKAGE "Thunar"
#define HAVE_LOCALE_H 1
#define HAVE_LC_MESSAGES 1
#define HAVE_BIND_TEXTDOMAIN_CODESET 1
#define HAVE_GETTEXT 1
#define HAVE_DCGETTEXT 1
#define ENABLE_NLS 1
#define HAVE_LIBX11 1

configure: exit 1
